[INFO] (2026/04/13 03:39:12 PM) [WELCOME] Initialize...
[INFO] (2026/04/13 03:39:12 PM) 
    _______ _______ ______  _______  ______ _______ _______ _______ ______ 
    |______ |______ |     \ |______ |_____/ |_____|    |    |______ |     \
    |       |_______|_____/_|_______|__ _\_ |_ ___|_ __|  _ |______ |_____/
        |      |______ |_____| |_____/ | \  |   |   | \  | |  ____        
        |_____ |______ |     | |    \_ |  \_| __|__ |  \_| |_____|        
                                                                    
                        By. vaseline555 (Adam)
    
[INFO] (2026/04/13 03:39:12 PM) [TENSORBOARD] Start TensorBoard process!
[INFO] (2026/04/13 03:39:12 PM) [TENSORBOARD] Listening on http://0.0.0.0:6006
[INFO] (2026/04/13 03:39:12 PM) [SEED] ...seed is set: 42!
[INFO] (2026/04/13 03:39:12 PM) [LOAD] Fetch dataset!
[INFO] (2026/04/13 03:39:12 PM) [LOAD] [MNIST] Fetching dataset!
[INFO] (2026/04/13 03:39:12 PM) [LOAD] [MNIST] ...fetched dataset!
[INFO] (2026/04/13 03:39:12 PM) [LOAD] ...successfully fetched dataset!
[INFO] (2026/04/13 03:39:12 PM) [SIMULATE] Simulate dataset split (split scenario: `PATHO`)!
[INFO] (2026/04/13 03:39:12 PM) [SIMULATE] ...assigning to clients... 100% |████████████████████| [100   /100]
[INFO] (2026/04/13 03:39:12 PM) [SIMULATE] ...done simulating dataset split (split scenario: `PATHO`)!
[INFO] (2026/04/13 03:39:12 PM) [SIMULATE] Create client datasets!
[INFO] (2026/04/13 03:39:12 PM) [SIMULATE] ...creating client datasets... 100% |████████████████████| [100   /100]
[INFO] (2026/04/13 03:39:12 PM) [SIMULATE] ...successfully created client datasets!
[INFO] (2026/04/13 03:39:12 PM) [TENSORBOARD] ...interrupted; killed all TensorBoard processes!
